#
# There is insufficient memory for the Java Runtime Environment to continue.
# Native memory allocation (mmap) failed to map 132120576 bytes for G1 virtual space
# Possible reasons:
#   The system is out of physical RAM or swap space
#   The process is running with CompressedOops enabled, and the Java Heap may be blocking the growth of the native heap
# Possible solutions:
#   Reduce memory load on the system
#   Increase physical memory or swap space
#   Check if swap backing store is full
#   Decrease Java heap size (-Xmx/-Xms)
#   Decrease number of Java threads
#   Decrease Java thread stack sizes (-Xss)
#   Set larger code cache with -XX:ReservedCodeCacheSize=
#   JVM is running with Unscaled Compressed Oops mode in which the Java heap is
#     placed in the first 4GB address space. The Java Heap base address is the
#     maximum limit for the native heap growth. Please use -XX:HeapBaseMinAddress
#     to set the Java Heap base and to place the Java Heap above 4GB virtual address.
# This output file may be truncated or incomplete.
#
#  Out of Memory Error (os_windows.cpp:3600), pid=19752, tid=33188
#
# JRE version:  (21.0.2+13) (build )
# Java VM: Java HotSpot(TM) 64-Bit Server VM (21.0.2+13-LTS-58, mixed mode, sharing, tiered, compressed oops, compressed class ptrs, g1 gc, windows-amd64)
# No core dump will be written. Minidumps are not enabled by default on client versions of Windows
#

---------------  S U M M A R Y ------------

Command Line: -Dfile.encoding=UTF-8 --module-path=C:\Users\risha\OneDrive\Documents\NetBeansProjects\Hotel Management System\build\classes hotel.management.system.AddCustomer

Host: Intel(R) Core(TM) i5-10300H CPU @ 2.50GHz, 8 cores, 7G,  Windows 10 , 64 bit Build 19041 (10.0.19041.3636)
Time: Tue May 14 00:16:13 2024 New Zealand Standard Time elapsed time: 0.017608 seconds (0d 0h 0m 0s)

---------------  T H R E A D  ---------------

Current thread (0x000001d991c656b0):  JavaThread "Unknown thread" [_thread_in_vm, id=33188, stack(0x000000747f200000,0x000000747f300000) (1024K)]

Stack: [0x000000747f200000,0x000000747f300000]
Native frames: (J=compiled Java code, j=interpreted, Vv=VM code, C=native code)
V  [jvm.dll+0x6cade9]
V  [jvm.dll+0x8569c1]
V  [jvm.dll+0x858d2e]
V  [jvm.dll+0x859413]
V  [jvm.dll+0x280e56]
V  [jvm.dll+0x6c74d5]
V  [jvm.dll+0x6bbeca]
V  [jvm.dll+0x355bca]
V  [jvm.dll+0x35d816]
V  [jvm.dll+0x3ae67e]
V  [jvm.dll+0x3ae928]
V  [jvm.dll+0x3295dc]
V  [jvm.dll+0x32a16b]
V  [jvm.dll+0x81efa9]
V  [jvm.dll+0x3bba01]
V  [jvm.dll+0x807928]
V  [jvm.dll+0x44f50e]
V  [jvm.dll+0x450e11]
C  [jli.dll+0x52a3]
C  [ucrtbase.dll+0x21bb2]
C  [KERNEL32.DLL+0x17344]
C  [ntdll.dll+0x526b1]


---------------  P R O C E S S  ---------------

Threads class SMR info:
_java_thread_list=0x00007fffdfe5bb88, length=0, elements={
}

Java Threads: ( => current thread )
Total: 0

Other Threads:
  0x000001d991cbb8e0 WorkerThread "GC Thread#0"                     [id=35108, stack(0x000000747f300000,0x000000747f400000) (1024K)]
  0x000001d991ccc590 ConcurrentGCThread "G1 Main Marker"            [id=34344, stack(0x000000747f400000,0x000000747f500000) (1024K)]
  0x000001d991ccdf80 WorkerThread "G1 Conc#0"                       [id=16664, stack(0x000000747f500000,0x000000747f600000) (1024K)]

[error occurred during error reporting (printing all threads), id 0xc0000005, EXCEPTION_ACCESS_VIOLATION (0xc0000005) at pc=0x00007fffdf5cc6a7]
VM state: not at safepoint (not fully initialized)

VM Mutex/Monitor currently owned by a thread:  ([mutex/lock_event])
[0x00007fffdfecce68] Heap_lock - owner thread: 0x000001d991c656b0

Heap address: 0x0000000082a00000, size: 2006 MB, Compressed Oops mode: 32-bit

CDS archive(s) mapped at: [0x0000000000000000-0x0000000000000000-0x0000000000000000), size 0, SharedBaseAddress: 0x0000000800000000, ArchiveRelocationMode: 1.
Narrow klass base: 0x0000000000000000, Narrow klass shift: 0, Narrow klass range: 0x0

GC Precious Log:
 CardTable entry size: 512
 Card Set container configuration: InlinePtr #cards 5 size 8 Array Of Cards #cards 12 size 40 Howl #buckets 4 coarsen threshold 1843 Howl Bitmap #cards 512 size 80 coarsen threshold 460 Card regions per heap region 1 cards per card region 2048

Heap:
 garbage-first heap   total 0K, used 0K [0x0000000082a00000, 0x0000000100000000)
  region size 1024K, 0 young (0K), 0 survivors (0K)

[error occurred during error reporting (printing heap information), id 0xc0000005, EXCEPTION_ACCESS_VIOLATION (0xc0000005) at pc=0x00007fffdf9b39f9]
GC Heap History (0 events):
No events

Dll operation events (1 events):
Event: 0.010 Loaded shared library C:\Program Files\Java\jdk-21\bin\java.dll

Deoptimization events (0 events):
No events

Classes loaded (0 events):
No events

Classes unloaded (0 events):
No events

Classes redefined (0 events):
No events

Internal exceptions (0 events):
No events

ZGC Phase Switch (0 events):
No events

VM Operations (0 events):
No events

Events (0 events):
No events


Dynamic libraries:
0x00007ff659420000 - 0x00007ff659430000 	C:\Program Files\Java\jdk-21\bin\java.exe
0x00007ff87d6f0000 - 0x00007ff87d8e8000 	C:\WINDOWS\SYSTEM32\ntdll.dll
0x00007ff87cc20000 - 0x00007ff87ccdd000 	C:\WINDOWS\System32\KERNEL32.DLL
0x00007ff87af50000 - 0x00007ff87b246000 	C:\WINDOWS\System32\KERNELBASE.dll
0x00000000512a0000 - 0x00000000515d1000 	C:\Program Files\Norton Security\NortonData\22.23.5.106\Definitions\IPSDefs\20231006.064\IPSEng64.dll
0x00007ff87d0d0000 - 0x00007ff87d180000 	C:\WINDOWS\System32\ADVAPI32.dll
0x00007ff87d610000 - 0x00007ff87d6ae000 	C:\WINDOWS\System32\msvcrt.dll
0x00007ff87cb80000 - 0x00007ff87cc20000 	C:\WINDOWS\System32\sechost.dll
0x00007ff87c2d0000 - 0x00007ff87c3f3000 	C:\WINDOWS\System32\RPCRT4.dll
0x00007ff87b400000 - 0x00007ff87b427000 	C:\WINDOWS\System32\bcrypt.dll
0x00007ff87d380000 - 0x00007ff87d388000 	C:\WINDOWS\System32\PSAPI.DLL
0x00007ff87b5f0000 - 0x00007ff87b6f0000 	C:\WINDOWS\System32\ucrtbase.dll
0x00007ff864e20000 - 0x00007ff864e3b000 	C:\Program Files\Java\jdk-21\bin\VCRUNTIME140.dll
0x00007ff872ad0000 - 0x00007ff872ae9000 	C:\Program Files\Java\jdk-21\bin\jli.dll
0x00007ff87d1c0000 - 0x00007ff87d35f000 	C:\WINDOWS\System32\USER32.dll
0x00007ff87b6f0000 - 0x00007ff87b712000 	C:\WINDOWS\System32\win32u.dll
0x00007ff87d180000 - 0x00007ff87d1ab000 	C:\WINDOWS\System32\GDI32.dll
0x00007ff87b4d0000 - 0x00007ff87b5e7000 	C:\WINDOWS\System32\gdi32full.dll
0x00007ff87a010000 - 0x00007ff87a2aa000 	C:\WINDOWS\WinSxS\amd64_microsoft.windows.common-controls_6595b64144ccf1df_6.0.19041.3636_none_60b6a03d71f818d5\COMCTL32.dll
0x00007ff87b430000 - 0x00007ff87b4cd000 	C:\WINDOWS\System32\msvcp_win.dll
0x00007ff87aad0000 - 0x00007ff87aada000 	C:\WINDOWS\SYSTEM32\VERSION.dll
0x00007ff87b8a0000 - 0x00007ff87b8d2000 	C:\WINDOWS\System32\IMM32.DLL
0x0000000052900000 - 0x000000005290c000 	C:\Program Files (x86)\360\Total Security\safemon\SafeWrapper.dll
0x00007ff81d190000 - 0x00007ff81d222000 	C:\Program Files (x86)\360\Total Security\safemon\libzdtp64.dll
0x00007ff87c400000 - 0x00007ff87cb6b000 	C:\WINDOWS\System32\SHELL32.dll
0x00007ff87d390000 - 0x00007ff87d3e5000 	C:\WINDOWS\System32\SHLWAPI.dll
0x00007ff872730000 - 0x00007ff87273c000 	C:\Program Files\Java\jdk-21\bin\vcruntime140_1.dll
0x00007ff837200000 - 0x00007ff83728e000 	C:\Program Files\Java\jdk-21\bin\msvcp140.dll
0x00007fffdf290000 - 0x00007fffdffa7000 	C:\Program Files\Java\jdk-21\bin\server\jvm.dll
0x00007ff87d3f0000 - 0x00007ff87d45b000 	C:\WINDOWS\System32\WS2_32.dll
0x00007ff87a780000 - 0x00007ff87a7cb000 	C:\WINDOWS\SYSTEM32\POWRPROF.dll
0x00007ff865100000 - 0x00007ff865127000 	C:\WINDOWS\SYSTEM32\WINMM.dll
0x00007ff87a300000 - 0x00007ff87a312000 	C:\WINDOWS\SYSTEM32\UMPDC.dll
0x00007ff878ee0000 - 0x00007ff878ef2000 	C:\WINDOWS\SYSTEM32\kernel.appcore.dll
0x00007ff8723a0000 - 0x00007ff8723aa000 	C:\Program Files\Java\jdk-21\bin\jimage.dll
0x00007ff87a590000 - 0x00007ff87a774000 	C:\WINDOWS\SYSTEM32\DBGHELP.DLL
0x00007ff87a4d0000 - 0x00007ff87a504000 	C:\WINDOWS\SYSTEM32\dbgcore.DLL
0x00007ff87aec0000 - 0x00007ff87af42000 	C:\WINDOWS\System32\bcryptPrimitives.dll
0x00007ff864bd0000 - 0x00007ff864bef000 	C:\Program Files\Java\jdk-21\bin\java.dll

dbghelp: loaded successfully - version: 4.0.5 - missing functions: none
symbol engine: initialized successfully - sym options: 0x614 - pdb path: .;C:\Program Files\Java\jdk-21\bin;C:\WINDOWS\SYSTEM32;C:\Program Files\Norton Security\NortonData\22.23.5.106\Definitions\IPSDefs\20231006.064;C:\WINDOWS\WinSxS\amd64_microsoft.windows.common-controls_6595b64144ccf1df_6.0.19041.3636_none_60b6a03d71f818d5;C:\Program Files (x86)\360\Total Security\safemon;C:\Program Files\Java\jdk-21\bin\server

VM Arguments:
jvm_args: -Dfile.encoding=UTF-8 --module-path=C:\Users\risha\OneDrive\Documents\NetBeansProjects\Hotel Management System\build\classes 
java_command: hotel.management.system.AddCustomer
java_class_path (initial): C:\Users\risha\Downloads\mysql-connector-j-8.4.0.jar;C:\Users\risha\OneDrive\Documents\NetBeansProjects\Hotel Management System\build\classes
Launcher Type: SUN_STANDARD

[Global flags]
     intx CICompilerCount                          = 4                                         {product} {ergonomic}
     uint ConcGCThreads                            = 2                                         {product} {ergonomic}
     uint G1ConcRefinementThreads                  = 8                                         {product} {ergonomic}
   size_t G1HeapRegionSize                         = 1048576                                   {product} {ergonomic}
    uintx GCDrainStackTargetSize                   = 64                                        {product} {ergonomic}
   size_t InitialHeapSize                          = 132120576                                 {product} {ergonomic}
   size_t MarkStackSize                            = 4194304                                   {product} {ergonomic}
   size_t MaxHeapSize                              = 2103443456                                {product} {ergonomic}
   size_t MinHeapDeltaBytes                        = 1048576                                   {product} {ergonomic}
   size_t MinHeapSize                              = 8388608                                   {product} {ergonomic}
    uintx NonNMethodCodeHeapSize                   = 5839372                                {pd product} {ergonomic}
    uintx NonProfiledCodeHeapSize                  = 122909434                              {pd product} {ergonomic}
    uintx ProfiledCodeHeapSize                     = 122909434                              {pd product} {ergonomic}
    uintx ReservedCodeCacheSize                    = 251658240                              {pd product} {ergonomic}
     bool SegmentedCodeCache                       = true                                      {product} {ergonomic}
   size_t SoftMaxHeapSize                          = 2103443456                             {manageable} {ergonomic}
     bool UseCompressedOops                        = true                           {product lp64_product} {ergonomic}
     bool UseG1GC                                  = true                                      {product} {ergonomic}
     bool UseLargePagesIndividualAllocation        = false                                  {pd product} {ergonomic}

Logging:
Log output configuration:
 #0: stdout all=warning uptime,level,tags foldmultilines=false
 #1: stderr all=off uptime,level,tags foldmultilines=false

Environment Variables:
PATH=C:\Program Files\Common Files\Oracle\Java\javapath;C:\Program Files\Java\jdk-17\bin;C:\Program Files (x86)\Microsoft SQL Server\160\Tools\Binn\;C:\Program Files\Microsoft SQL Server\160\Tools\Binn\;C:\Program Files\Microsoft SQL Server\Client SDK\ODBC\170\Tools\Binn\;C:\Program Files\Microsoft SQL Server\160\DTS\Binn\;C:\Program Files (x86)\Microsoft SQL Server\160\DTS\Binn\;C:\Program Files\Azure Data Studio\bin;C:\Users\risha\AppData\Local\Microsoft\WindowsApps;C:\Users\risha\AppData\Local\Programs\Microsoft VS Code\bin;C:\Program Files\Azure Data Studio\bin;C:\Users\risha\AppData\Roaming\TinyTeX\bin\windows
USERNAME=risha
OS=Windows_NT
PROCESSOR_IDENTIFIER=Intel64 Family 6 Model 165 Stepping 2, GenuineIntel
TMP=C:\Users\risha\AppData\Local\Temp
TEMP=C:\Users\risha\AppData\Local\Temp




Periodic native trim disabled

---------------  S Y S T E M  ---------------

OS:
 Windows 10 , 64 bit Build 19041 (10.0.19041.3636)
OS uptime: 3 days 16:08 hours

CPU: total 8 (initial active 8) (4 cores per cpu, 2 threads per core) family 6 model 165 stepping 2 microcode 0xe2, cx8, cmov, fxsr, ht, mmx, 3dnowpref, sse, sse2, sse3, ssse3, sse4.1, sse4.2, popcnt, lzcnt, tsc, tscinvbit, avx, avx2, aes, erms, clmul, bmi1, bmi2, adx, fma, vzeroupper, clflush, clflushopt, rdtscp, f16c, pku
Processor Information for all 8 processors :
  Max Mhz: 2496, Current Mhz: 2496, Mhz Limit: 2496

Memory: 4k page, system-wide physical 8023M (514M free)
TotalPageFile size 32599M (AvailPageFile size 48M)
current process WorkingSet (physical memory assigned to process): 12M, peak: 12M
current process commit charge ("private bytes"): 61M, peak: 187M

vm_info: Java HotSpot(TM) 64-Bit Server VM (21.0.2+13-LTS-58) for windows-amd64 JRE (21.0.2+13-LTS-58), built on 2024-01-05T18:32:24Z by "mach5one" with MS VC++ 17.1 (VS2022)

END.
